  asyn-thread.c
  base64.c
  conncache.c
  connect.c
  cookie.c
  curl_ntlm_core.c
  curl_sasl.c
  curl_sspi.c
  curl_threads.c
  dict.c
  dotdot.c
  easy.c
  escape.c
  file.c
  formdata.c
  ftp.c
  ftplistparser.c
  getinfo.c
  gopher.c
  hostasyn.c
  Generating Code...
  Compiling...
  hostip.c
  hostip4.c
  hostip6.c
  hostsyn.c
  http.c
  http2.c
  http_chunks.c
  http_digest.c
  http_negotiate.c
  http_ntlm.c
  http_proxy.c
  idn_win32.c
  if2ip.c
  imap.c
  inet_ntop.c
  inet_pton.c
  krb5.c
  ldap.c
  llist.c
  md4.c
  Generating Code...
  Compiling...
  md5.c
  memdebug.c
  mprintf.c
  multi.c
  netrc.c
  non-ascii.c
  nonblock.c
  openldap.c
  parsedate.c
  pingpong.c
  pipeline.c
  pop3.c
  progress.c
  rand.c
  rtsp.c
  security.c
  select.c
  sendf.c
  share.c
  slist.c
  Generating Code...
  Compiling...
  smb.c
  smtp.c
  socks.c
  socks_gssapi.c
  socks_sspi.c
  speedcheck.c
  splay.c
  ssh.c
  strcase.c
  strdup.c
  strerror.c
  strtok.c
  strtoofft.c
  system_win32.c
  telnet.c
  tftp.c
  timeval.c
  transfer.c
  url.c
  cleartext.c
  Generating Code...
  Compiling...
  cram.c
  digest.c
  digest_sspi.c
  krb5_gssapi.c
  krb5_sspi.c
  ntlm.c
  ntlm_sspi.c
  oauth2.c
  spnego_gssapi.c
  spnego_sspi.c
  vauth.c
  version.c
  axtls.c
  cyassl.c
  darwinssl.c
  gskit.c
  gtls.c
  mbedtls.c
  nss.c
  openssl.c
  Generating Code...
  Compiling...
  polarssl.c
  polarssl_threadlock.c
  schannel.c
  vtls.c
  warnless.c
..\..\..\..\lib\warnless.c(189): warning C4310: cast truncates constant value
  wildcard.c
  x509asn1.c
  Generating Code...
     Creating library C:\Users\Alexander Kuznetsov\Documents\Software Development\Currency Exchange\src\curl-7.53.1\build\Win32\VC14\DLL Release - DLL OpenSSL\libcurl.lib and object C:\Users\Alexander Kuznetsov\Documents\Software Development\Currency Exchange\src\curl-7.53.1\build\Win32\VC14\DLL Release - DLL OpenSSL\libcurl.exp
  libcurl.vcxproj -> C:\Users\Alexander Kuznetsov\Documents\Software Development\Currency Exchange\src\curl-7.53.1\projects\Windows\VC14\lib\..\..\..\..\build\Win32\VC14\DLL Release - DLL OpenSSL\libcurl.dll
  libcurl.vcxproj -> ..\..\..\..\build\Win32\VC14\DLL Release - DLL OpenSSL\libcurl.pdb (Full PDB)
